command: show run
output: 
Building configuration...

Current configuration : 9137 bytes
!
! No configuration change since last restart
!
version 12.2
no service pad
service timestamps debug datetime msec
service timestamps log datetime msec
service password-encryption
!
hostname MITESP-GH-SDC-RK01-2960-30
!
boot-start-marker
boot-end-marker
!
logging buffered 12228
enable secret 5 $1$D9kW$F7prA.POaBkwd9G.ww.m7/
enable password 7 00071A150754
!
username chandanake privilege 15 password 7 1543595F507F7D6F63
username cisco privilege 15 password 7 00071A150754
username buddhikam privilege 15 secret 5 $1$iLdm$Yp4eB2i5gUkenj.Q62ZAh1
username sanjeevac privilege 15 password 7 00071A1507545A545C62
username prabuddhah privilege 15 secret 5 $1$LDxl$7kaarRMz34EJWr0eoiVI51
username asankadev privilege 15 password 7 15310A5B537E7C7470
username priyankar privilege 15 secret 5 $1$3I/x$GHFqvbNMYLoRfSPnoRyfX1
!
!
no aaa new-model
system mtu routing 1500
vtp mode transparent
!
!
ip domain-name millenniumit.com
!
!
crypto pki trustpoint TP-self-signed-689970432
 enrollment selfsigned
 subject-name cn=IOS-Self-Signed-Certificate-689970432
 revocation-check none
 rsakeypair TP-self-signed-689970432
!
!
crypto pki certificate chain TP-self-signed-689970432
 certificate self-signed 01
  30820263 308201CC A0030201 02020101 300D0609 2A864886 F70D0101 04050030 
  30312E30 2C060355 04031325 494F532D 53656C66 2D536967 6E65642D 43657274 
  69666963 6174652D 36383939 37303433 32301E17 0D393330 33303130 30303231 
  355A170D 32303031 30313030 30303030 5A303031 2E302C06 03550403 1325494F 
  532D5365 6C662D53 69676E65 642D4365 72746966 69636174 652D3638 39393730 
  34333230 819F300D 06092A86 4886F70D 01010105 0003818D 00308189 02818100 
  B079AC39 8FC2E659 4C175855 A49E0352 2454326F 98FEF03D 0628FCE8 1DD6EB0C 
  592F7F8B 7DE186C2 4074CBA8 FD8CBB21 D1D2F60D 04755E3C 26976C96 6AB6F363 
  204B54AF 769F4CBE 7D0B0D73 E82308D7 F63EF4D8 7F6158FF F147AD70 6FB8D1C1 
  3DC1244E 35DA213D 1D36B0C4 13F857CB 21D6B7BF CA83F8F5 F3265254 F6BA49E1 
  02030100 01A3818C 30818930 0F060355 1D130101 FF040530 030101FF 30360603 
  551D1104 2F302D82 2B4D4954 4553502D 47482D53 44432D52 4B30312D 32393630 
  2D33302E 6D696C6C 656E6E69 756D6974 2E636F6D 301F0603 551D2304 18301680 
  14FEF7EC 745561E6 A48E46EC 215D070B EF42A37C 5A301D06 03551D0E 04160414 
  FEF7EC74 5561E6A4 8E46EC21 5D070BEF 42A37C5A 300D0609 2A864886 F70D0101 
  04050003 8181000B 71588BB5 2544CBC4 2563E45B BDCDADDB 5F74CA66 CC0B8992 
  22F60CB9 2940671D F7EF1CDD 1E045D32 6A37BFDF 556E255D 05C4DB9D 293606D6 
  624C3793 AEF0515C 32E48A8A 32816CD9 F8BA2B5A 1F18294E 2EABA636 3F440C98 
  FB1450ED 5B65041A 370579EC 64029331 36BC31E9 55F1B2F4 DB0124C6 AA610CE8 
  6012B061 4C91EE
  quit
!
!
!
archive
 path tftp://172.25.160.55/MITESP-GH-SDC-RK01-2960-30.txt
 write-memory
 time-period 10080
spanning-tree mode pvst
spanning-tree extend system-id
!
vlan internal allocation policy ascending
!
vlan 2 
!
vlan 100
 name VLAN100
!
vlan 133
 name eti-test
!
vlan 136
 name eti-test2
!
vlan 165
 name Network_Mgmt
!
vlan 188,199 
!
vlan 300
 name drbd-test
!
vlan 1017
 name CISCO_LAB
!
ip ssh version 2
!
!
interface FastEthernet0/1
 switchport access vlan 199
 switchport trunk allowed vlan 100,188,199
 switchport mode trunk
!
interface FastEthernet0/2
 switchport access vlan 199
!
interface FastEthernet0/3
 switchport access vlan 199
!
interface FastEthernet0/4
 switchport access vlan 199
!
interface FastEthernet0/5
 switchport access vlan 199
!
interface FastEthernet0/6
 switchport access vlan 199
!
interface FastEthernet0/7
 switchport access vlan 199
 shutdown
!
interface FastEthernet0/8
 switchport access vlan 199
 switchport trunk allowed vlan 100,188,199
 switchport mode trunk
!
interface FastEthernet0/9
 switchport access vlan 199
 switchport trunk allowed vlan 100,188,199
 switchport mode trunk
!
interface FastEthernet0/10
 switchport access vlan 199
!
interface FastEthernet0/11
 switchport access vlan 199
 switchport trunk allowed vlan 100,188,199
 switchport mode trunk
!
interface FastEthernet0/12
 switchport access vlan 199
!
interface FastEthernet0/13
 switchport access vlan 199
 switchport trunk allowed vlan 100,188,199
 switchport mode trunk
!
interface FastEthernet0/14
 switchport access vlan 199
!
interface FastEthernet0/15
 switchport access vlan 199
!
interface FastEthernet0/16
 switchport access vlan 199
!
interface FastEthernet0/17
 switchport access vlan 199
 switchport trunk allowed vlan 100,188,199
 switchport mode trunk
!
interface FastEthernet0/18
 switchport access vlan 199
!
interface FastEthernet0/19
 switchport access vlan 199
 switchport trunk allowed vlan 100,188,199
 switchport mode trunk
!
interface FastEthernet0/20
 switchport access vlan 199
 switchport mode access
!
interface FastEthernet0/21
 description #AP-TEST#
 switchport access vlan 2
!
interface FastEthernet0/22
 switchport access vlan 199
!
interface FastEthernet0/23
 switchport access vlan 199
!
interface FastEthernet0/24
 switchport access vlan 199
!
interface FastEthernet0/25
 switchport access vlan 199
!
interface FastEthernet0/26
 switchport access vlan 188
!
interface FastEthernet0/27
 switchport access vlan 188
!
interface FastEthernet0/28
 switchport access vlan 188
!
interface FastEthernet0/29
 switchport access vlan 188
!
interface FastEthernet0/30
 switchport access vlan 188
!
interface FastEthernet0/31
 switchport access vlan 199
 switchport trunk allowed vlan 100,188,199
 switchport mode trunk
!
interface FastEthernet0/32
 switchport access vlan 199
 switchport trunk allowed vlan 100,188,199
 switchport mode trunk
!
interface FastEthernet0/33
 switchport access vlan 199
 switchport trunk allowed vlan 100,188,199
 switchport mode trunk
!
interface FastEthernet0/34
 switchport access vlan 199
!
interface FastEthernet0/35
 switchport access vlan 199
 switchport trunk allowed vlan 100,188,199
 switchport mode trunk
!
interface FastEthernet0/36
 switchport access vlan 199
!
interface FastEthernet0/37
 switchport access vlan 199
!
interface FastEthernet0/38
 switchport access vlan 199
!
interface FastEthernet0/39
 switchport access vlan 199
!
interface FastEthernet0/40
 switchport access vlan 199
!
interface FastEthernet0/41
 description iotsvr03-pci-port4
 switchport access vlan 300
 switchport mode access
!
interface FastEthernet0/42
 description iotsvr01-pci-port4
 switchport access vlan 300
!
interface FastEthernet0/43
 description iotsvr02-pci-port4
 switchport access vlan 300
!
interface FastEthernet0/44
 switchport access vlan 199
 switchport trunk allowed vlan 100,199
 switchport mode trunk
!
interface FastEthernet0/45
 switchport access vlan 199
!
interface FastEthernet0/46
 switchport access vlan 199
!
interface FastEthernet0/47
 switchport access vlan 199
 switchport trunk allowed vlan 100,188,199
 switchport mode trunk
!
interface FastEthernet0/48
 switchport access vlan 199
!
interface GigabitEthernet0/1
!
interface GigabitEthernet0/2
!
interface GigabitEthernet0/3
 description ### Uplink-To-SUN-SRoom-SW4-Gig 0/2 ###
 switchport mode trunk
!
interface GigabitEthernet0/4
 description ### Uplink-To-ESP_CORE_SW-Gig 1/0/8 ###
 switchport mode trunk
!
interface Vlan1
 no ip address
!
interface Vlan165
 ip address 172.25.165.30 255.255.255.0
!
interface Vlan199
 ip address 172.25.199.4 255.255.255.0
!
ip default-gateway 172.25.165.1
ip http server
ip http secure-server
logging facility syslog
logging source-interface Vlan165
logging 172.25.160.58
logging 172.25.160.150
logging 172.25.160.151
snmp-server community ESP@m5T RW
snmp-server trap-source Vlan165
snmp-server enable traps snmp authentication linkdown linkup coldstart warmstart
snmp-server enable traps transceiver all
snmp-server enable traps tty
snmp-server enable traps cluster
snmp-server enable traps entity
snmp-server enable traps cpu threshold
snmp-server enable traps rep
snmp-server enable traps vtp
snmp-server enable traps vlancreate
snmp-server enable traps vlandelete
snmp-server enable traps flash insertion removal
snmp-server enable traps port-security
snmp-server enable traps auth-framework sec-violation
snmp-server enable traps dot1x auth-fail-vlan guest-vlan no-auth-fail-vlan no-guest-vlan
snmp-server enable traps envmon fan shutdown supply temperature status
snmp-server enable traps power-ethernet group 1
snmp-server enable traps power-ethernet police
snmp-server enable traps fru-ctrl
snmp-server enable traps config-copy
snmp-server enable traps config
snmp-server enable traps config-ctid
snmp-server enable traps energywise
snmp-server enable traps rtr
snmp-server enable traps vstack
snmp-server enable traps bridge newroot topologychange
snmp-server enable traps stpx inconsistency root-inconsistency loop-inconsistency
snmp-server enable traps vlan-membership
snmp-server enable traps errdisable
snmp-server host 172.25.160.150 version 2c ESP@m5T 
snmp-server host 172.25.160.55 version 2c ESP@m5T 
!
line con 0
line vty 0 4
 password 7 00071A150754
 logging synchronous
 login local
 transport input telnet ssh
line vty 5 15
 password 7 1355191C2B0F55392874
 logging synchronous
 login local
 transport input telnet ssh
!
ntp clock-period 36029729
ntp server 172.25.160.10 version 2 prefer
end
